<?xml version="1.0" encoding="UTF-8"?>
<!-- Generated by org.testng.reporters.JUnitReportReporter -->
<testsuite hostname="HP" name="org.wertyui.Ok" tests="3" failures="0" timestamp="1 May 2021 04:03:58 GMT" time="0.078" errors="0">
  <testcase name="tc2" time="0.031" classname="org.wertyui.Ok"/>
  <testcase name="tc1" time="0.016" classname="org.wertyui.Ok"/>
  <testcase name="tc0" time="0.031" classname="org.wertyui.Ok"/>
</testsuite> <!-- org.wertyui.Ok -->
