<?xml version="1.0" encoding="UTF-8"?>
<!-- Generated by org.testng.reporters.JUnitReportReporter -->
<testsuite hostname="HP" name="org.reportclass.Adactinreportclss" tests="2" failures="0" timestamp="4 May 2021 04:11:12 GMT" time="3.407" errors="0">
  <testcase name="tc0" time="1.412" classname="org.reportclass.Adactinreportclss"/>
  <testcase name="tc1" time="1.995" classname="org.reportclass.Adactinreportclss"/>
</testsuite> <!-- org.reportclass.Adactinreportclss -->
