<?xml version="1.0" encoding="UTF-8"?>
<!-- Generated by org.testng.reporters.JUnitReportReporter -->
<testsuite hostname="HP" name="org.reprtclass.TestingReortClass" tests="2" failures="0" timestamp="3 May 2021 14:44:25 GMT" time="1.672" errors="0">
  <testcase name="tc0" time="0.628" classname="org.reprtclass.TestingReortClass"/>
  <testcase name="tc1" time="1.044" classname="org.reprtclass.TestingReortClass"/>
</testsuite> <!-- org.reprtclass.TestingReortClass -->
