<?xml version="1.0" encoding="UTF-8"?>
<!-- Generated by org.testng.reporters.JUnitReportReporter -->
<testsuite hostname="HP" name="org.reportclass.TestingReortClass" tests="2" failures="0" timestamp="4 May 2021 03:50:11 GMT" time="1.921" errors="0">
  <testcase name="tc0" time="0.746" classname="org.reportclass.TestingReortClass"/>
  <testcase name="tc1" time="1.175" classname="org.reportclass.TestingReortClass"/>
</testsuite> <!-- org.reportclass.TestingReortClass -->
