<?xml version="1.0" encoding="UTF-8"?>
<!-- Generated by org.testng.reporters.JUnitReportReporter -->
<testsuite hostname="HP" name="org.wertyui.Ok2" tests="3" failures="0" timestamp="1 May 2021 03:53:36 GMT" time="0.156" errors="0">
  <testcase name="tc0" time="0.125" classname="org.wertyui.Ok2"/>
  <testcase name="tc2" time="0.016" classname="org.wertyui.Ok2"/>
  <testcase name="tc1" time="0.015" classname="org.wertyui.Ok2"/>
</testsuite> <!-- org.wertyui.Ok2 -->
