<?xml version="1.0" encoding="UTF-8"?>
<!-- Generated by org.testng.reporters.JUnitReportReporter -->
<testsuite hostname="HP" name="org.sec.Asd" tests="2" failures="0" timestamp="1 May 2021 13:14:49 GMT" time="22.234" errors="0">
  <testcase name="tco" time="13.844" classname="org.sec.Asd"/>
  <testcase name="tco" time="8.390" classname="org.sec.Asd"/>
</testsuite> <!-- org.sec.Asd -->
