<?xml version="1.0" encoding="UTF-8"?>
<!-- Generated by org.testng.reporters.JUnitReportReporter -->
<testsuite hostname="HP" name="org.wertyui.Ok1" tests="3" failures="0" timestamp="30 Apr 2021 16:06:59 GMT" time="0.094" errors="0">
  <testcase name="tc1" time="0.032" classname="org.wertyui.Ok1"/>
  <testcase name="tc0" time="0.047" classname="org.wertyui.Ok1"/>
  <testcase name="tc2" time="0.015" classname="org.wertyui.Ok1"/>
</testsuite> <!-- org.wertyui.Ok1 -->
