<?xml version="1.0" encoding="UTF-8"?>
<!-- Generated by org.testng.reporters.JUnitReportReporter -->
<testsuite hostname="HP" name="org.demoblaze.DemoAccess" tests="3" failures="0" timestamp="2 May 2021 11:10:15 GMT" time="11.468" errors="0">
  <testcase name="tc2" time="8.128" classname="org.demoblaze.DemoAccess"/>
  <testcase name="tc1" time="1.101" classname="org.demoblaze.DemoAccess"/>
  <testcase name="tc0" time="2.239" classname="org.demoblaze.DemoAccess"/>
</testsuite> <!-- org.demoblaze.DemoAccess -->
